<?xml version="1.0" encoding="UTF-8"?>
<testsuite name="com.boot.spring.web.dto.HelloResponseDtoTest" tests="1" skipped="0" failures="0" errors="0" timestamp="2020-08-07T11:18:20" hostname="SUNJH-Y520" time="0.064">
  <properties/>
  <testcase name="롬복_기능_테스트" classname="com.boot.spring.web.dto.HelloResponseDtoTest" time="0.064"/>
  <system-out><![CDATA[]]></system-out>
  <system-err><![CDATA[]]></system-err>
</testsuite>
